<?xml version="1.0" encoding="UTF-8"?>
<!-- Generated by org.testng.reporters.JUnitXMLReporter -->
<testsuite hostname="LAPTOP-U97JC2RM" ignored="0" name="Default test" tests="8" failures="0" timestamp="2019-11-16T22:08:39 IST" time="0.063" errors="0">
  <testcase name="demo1" time="0.008" classname="com.testng.Parameter"/>
  <testcase name="demoM" time="0.002" classname="com.testng.Parameter"/>
  <testcase name="demoM" time="0.001" classname="com.testng.Parameter"/>
  <testcase name="demoM" time="0.001" classname="com.testng.Parameter"/>
  <testcase name="demoM" time="0.001" classname="com.testng.Parameter"/>
  <testcase name="demoM" time="0.003" classname="com.testng.Parameter"/>
  <testcase name="demo2" time="0.003" classname="com.testng.Parameter"/>
  <testcase name="demo2" time="0.001" classname="com.testng.Parameter"/>
</testsuite> <!-- Default test -->
