<?xml version="1.0" encoding="UTF-8"?>
<testng-results skipped="0" failed="0" ignored="0" total="8" passed="8">
  <reporter-output>
  </reporter-output>
  <suite name="Default suite" duration-ms="63" started-at="2019-11-16T22:08:39 IST" finished-at="2019-11-16T22:08:39 IST">
    <groups>
    </groups>
    <test name="Default test" duration-ms="63" started-at="2019-11-16T22:08:39 IST" finished-at="2019-11-16T22:08:39 IST">
      <class name="com.testng.Parameter">
        <test-method status="PASS" signature="demo1()[pri:-2, instance:com.testng.Parameter@6c3708b3]" name="demo1" duration-ms="8" started-at="2019-11-16T22:08:39 IST" finished-at="2019-11-16T22:08:39 IST">
          <reporter-output>
          </reporter-output>
        </test-method> <!-- demo1 -->
        <test-method status="PASS" signature="demoM()[pri:0, instance:com.testng.Parameter@6c3708b3]" name="demoM" duration-ms="2" started-at="2019-11-16T22:08:39 IST" finished-at="2019-11-16T22:08:39 IST">
          <reporter-output>
          </reporter-output>
        </test-method> <!-- demoM -->
        <test-method status="PASS" signature="demoM()[pri:0, instance:com.testng.Parameter@6c3708b3]" name="demoM" duration-ms="1" started-at="2019-11-16T22:08:39 IST" finished-at="2019-11-16T22:08:39 IST">
          <reporter-output>
          </reporter-output>
        </test-method> <!-- demoM -->
        <test-method status="PASS" signature="demoM()[pri:0, instance:com.testng.Parameter@6c3708b3]" name="demoM" duration-ms="1" started-at="2019-11-16T22:08:39 IST" finished-at="2019-11-16T22:08:39 IST">
          <reporter-output>
          </reporter-output>
        </test-method> <!-- demoM -->
        <test-method status="PASS" signature="demoM()[pri:0, instance:com.testng.Parameter@6c3708b3]" name="demoM" duration-ms="1" started-at="2019-11-16T22:08:39 IST" finished-at="2019-11-16T22:08:39 IST">
          <reporter-output>
          </reporter-output>
        </test-method> <!-- demoM -->
        <test-method status="PASS" signature="demoM()[pri:0, instance:com.testng.Parameter@6c3708b3]" name="demoM" duration-ms="3" started-at="2019-11-16T22:08:39 IST" finished-at="2019-11-16T22:08:39 IST">
          <reporter-output>
          </reporter-output>
        </test-method> <!-- demoM -->
        <test-method status="PASS" signature="demo2()[pri:1, instance:com.testng.Parameter@6c3708b3]" name="demo2" duration-ms="3" started-at="2019-11-16T22:08:39 IST" finished-at="2019-11-16T22:08:39 IST">
          <reporter-output>
          </reporter-output>
        </test-method> <!-- demo2 -->
        <test-method status="PASS" signature="demo2()[pri:1, instance:com.testng.Parameter@6c3708b3]" name="demo2" duration-ms="1" started-at="2019-11-16T22:08:39 IST" finished-at="2019-11-16T22:08:39 IST">
          <reporter-output>
          </reporter-output>
        </test-method> <!-- demo2 -->
      </class> <!-- com.testng.Parameter -->
    </test> <!-- Default test -->
  </suite> <!-- Default suite -->
</testng-results>
